#
# A fatal error has been detected by the Java Runtime Environment:
#
#  EXCEPTION_ACCESS_VIOLATION (0xc0000005) at pc=0x00000000687c39e2, pid=637008, tid=0x000000000009bc7c
#
# JRE version: Java(TM) SE Runtime Environment (8.0_144-b01) (build 1.8.0_144-b01)
# Java VM: Java HotSpot(TM) 64-Bit Server VM (25.144-b01 mixed mode windows-amd64 compressed oops)
# Problematic frame:
# V  [jvm.dll+0x439e2]
#
# Failed to write core dump. Minidumps are not enabled by default on client versions of Windows
#
# If you would like to submit a bug report, please visit:
#   http://bugreport.java.com/bugreport/crash.jsp
#

---------------  T H R E A D  ---------------

Current thread (0x0000000019d50000):  JavaThread "C2 CompilerThread0" daemon [_thread_in_vm, id=638076, stack(0x000000001b3d0000,0x000000001b4d0000)]

siginfo: ExceptionCode=0xc0000005, reading address 0x0000000000000008

Registers:
RAX=0x0000000019d50000, RBX=0x0000000000000008, RCX=0x0000000000000007, RDX=0x0000000000000008
RSP=0x000000001b4cd720, RBP=0x000000001b7bfd00, RSI=0x0000000000000008, RDI=0x0000000000000000
R8 =0x0000000000000001, R9 =0x0000000000000000, R10=0x000000001b7bff30, R11=0x00000000218fcd90
R12=0x0000000019d50000, R13=0x000000001b7bfd00, R14=0x000000001b8c9d90, R15=0x000000001b8ccd80
RIP=0x00000000687c39e2, EFLAGS=0x0000000000010202

Top of Stack: (sp=0x000000001b4cd720)
0x000000001b4cd720:   00000007c0057a08 00000007c0057a08
0x000000001b4cd730:   000000001b7bfd00 000000006881c73d
0x000000001b4cd740:   000000001b6e18e0 0000000068996e7f
0x000000001b4cd750:   0000000000000000 00000007c0057a08
0x000000001b4cd760:   000000000000006b 00000000687c3d79
0x000000001b4cd770:   000000000000006a 000000006886d03b
0x000000001b4cd780:   0000000000000000 000000001b8cce90
0x000000001b4cd790:   0000000019d181d0 000000001b8cce80
0x000000001b4cd7a0:   0000000000000001 00000000687bfa70
0x000000001b4cd7b0:   000000001b8cce90 0000000000000008
0x000000001b4cd7c0:   0000000000000018 0000000019d6bde0
0x000000001b4cd7d0:   000000001b8cce90 00000000687c09c1
0x000000001b4cd7e0:   0000000000000120 00000000218fdb40
0x000000001b4cd7f0:   000000001b8cce80 0000000024315050
0x000000001b4cd800:   0000000000000000 000000001b4ce510
0x000000001b4cd810:   0000000000000001 000000001b4ce600 

Instructions: (pc=0x00000000687c39e2)
0x00000000687c39c2:   e9 8b 0d 7f fe 76 00 48 8b da ff 15 1e 9a 59 00
0x00000000687c39d2:   44 0f b6 05 f2 06 7b 00 4c 8b e0 45 84 c0 74 39
0x00000000687c39e2:   4c 8b 03 48 8b cb 41 ff 50 08 84 c0 74 2b 83 7b
0x00000000687c39f2:   08 00 7e 25 0f b6 83 0e 01 00 00 c0 e8 03 a8 01 


Register to memory mapping:

RAX=0x0000000019d50000 is a thread
RBX=0x0000000000000008 is an unknown value
RCX=0x0000000000000007 is an unknown value
RDX=0x0000000000000008 is an unknown value
RSP=0x000000001b4cd720 is pointing into the stack for thread: 0x0000000019d50000
RBP=0x000000001b7bfd00 is an unknown value
RSI=0x0000000000000008 is an unknown value
RDI=0x0000000000000000 is an unknown value
R8 =0x0000000000000001 is an unknown value
R9 =0x0000000000000000 is an unknown value
R10=0x000000001b7bff30 is an unknown value
R11=0x00000000218fcd90 is an unknown value
R12=0x0000000019d50000 is a thread
R13=0x000000001b7bfd00 is an unknown value
R14=0x000000001b8c9d90 is an unknown value
R15=0x000000001b8ccd80 is an unknown value


Stack: [0x000000001b3d0000,0x000000001b4d0000],  sp=0x000000001b4cd720,  free space=1013k
Native frames: (J=compiled Java code, j=interpreted, Vv=VM code, C=native code)
V  [jvm.dll+0x439e2]
V  [jvm.dll+0x43d79]
V  [jvm.dll+0x3fa70]
V  [jvm.dll+0x409c1]
V  [jvm.dll+0x3b463]
V  [jvm.dll+0x3b579]
V  [jvm.dll+0x4767ad]
V  [jvm.dll+0x4598c2]
V  [jvm.dll+0xa5dc2]
V  [jvm.dll+0xa66ff]
V  [jvm.dll+0x24524f]
V  [jvm.dll+0x29ca6a]
C  [msvcr100.dll+0x21d9f]
C  [msvcr100.dll+0x21e3b]
C  [KERNEL32.DLL+0x13034]
C  [ntdll.dll+0x73691]


Current CompileTask:
C2: 103944 3538  s!   4       com.sun.scenario.effect.impl.ImagePool::checkOut (447 bytes)


---------------  P R O C E S S  ---------------

Java Threads: ( => current thread )
  0x0000000021bb8000 JavaThread "Thread-4" daemon [_thread_blocked, id=631180, stack(0x0000000027a60000,0x0000000027b60000)]
  0x000000002192a000 JavaThread "Prism Font Disposer" daemon [_thread_blocked, id=638268, stack(0x0000000024b60000,0x0000000024c60000)]
  0x0000000021743800 JavaThread "Media Resource Disposer" daemon [_thread_blocked, id=639868, stack(0x0000000022200000,0x0000000022300000)]
  0x000000001ba61000 JavaThread "JavaFX-Launcher" [_thread_blocked, id=641988, stack(0x0000000021f60000,0x0000000022060000)]
  0x000000001ba59000 JavaThread "Thread-2" daemon [_thread_in_native, id=641028, stack(0x0000000021e60000,0x0000000021f60000)]
  0x000000001ba51000 JavaThread "JavaFX Application Thread" [_thread_in_native, id=634216, stack(0x000000001ca90000,0x000000001cb90000)]
  0x000000001ba43000 JavaThread "Thread-1" daemon [_thread_blocked, id=630844, stack(0x000000001c990000,0x000000001ca90000)]
  0x000000001ba04000 JavaThread "QuantumRenderer-0" daemon [_thread_blocked, id=637852, stack(0x000000001be20000,0x000000001bf20000)]
  0x0000000019dae000 JavaThread "Service Thread" daemon [_thread_blocked, id=420732, stack(0x000000001bad0000,0x000000001bbd0000)]
  0x0000000019d9c000 JavaThread "C1 CompilerThread2" daemon [_thread_blocked, id=638232, stack(0x000000001b5d0000,0x000000001b6d0000)]
  0x0000000019d56800 JavaThread "C2 CompilerThread1" daemon [_thread_blocked, id=640284, stack(0x000000001b4d0000,0x000000001b5d0000)]
=>0x0000000019d50000 JavaThread "C2 CompilerThread0" daemon [_thread_in_vm, id=638076, stack(0x000000001b3d0000,0x000000001b4d0000)]
  0x0000000019d4e000 JavaThread "Attach Listener" daemon [_thread_blocked, id=638304, stack(0x000000001b2d0000,0x000000001b3d0000)]
  0x0000000019d4d000 JavaThread "Signal Dispatcher" daemon [_thread_blocked, id=632388, stack(0x000000001b1d0000,0x000000001b2d0000)]
  0x0000000002cfb800 JavaThread "Finalizer" daemon [_thread_blocked, id=639572, stack(0x000000001afc0000,0x000000001b0c0000)]
  0x0000000002cf0800 JavaThread "Reference Handler" daemon [_thread_blocked, id=637884, stack(0x000000001aec0000,0x000000001afc0000)]
  0x0000000002c02800 JavaThread "main" [_thread_blocked, id=638036, stack(0x0000000002a40000,0x0000000002b40000)]

Other Threads:
  0x0000000019d19800 VMThread [stack: 0x000000001adc0000,0x000000001aec0000] [id=638104]
  0x000000001b6f4000 WatcherThread [stack: 0x000000001bd20000,0x000000001be20000] [id=638220]

VM state:not at safepoint (normal execution)

VM Mutex/Monitor currently owned by a thread: None

Heap:
 PSYoungGen      total 180736K, used 116458K [0x0000000780b00000, 0x000000078f280000, 0x00000007c0000000)
  eden space 134656K, 79% used [0x0000000780b00000,0x000000078741a7d0,0x0000000788e80000)
  from space 46080K, 19% used [0x000000078c580000,0x000000078ce203c0,0x000000078f280000)
  to   space 51200K, 0% used [0x0000000788e80000,0x0000000788e80000,0x000000078c080000)
 ParOldGen       total 226304K, used 157232K [0x0000000702000000, 0x000000070fd00000, 0x0000000780b00000)
  object space 226304K, 69% used [0x0000000702000000,0x000000070b98c318,0x000000070fd00000)
 Metaspace       used 18227K, capacity 18978K, committed 19200K, reserved 1064960K
  class space    used 2533K, capacity 2727K, committed 2816K, reserved 1048576K

Card table byte_map: [0x00000000120c0000,0x00000000126c0000] byte_map_base: 0x000000000e8b0000

Marking Bits: (ParMarkBitMap*) 0x0000000068f9d850
 Begin Bits: [0x0000000012ec0000, 0x0000000015e40000)
 End Bits:   [0x0000000015e40000, 0x0000000018dc0000)

Polling page: 0x0000000002b40000

CodeCache: size=245760Kb used=9716Kb max_used=10486Kb free=236043Kb
 bounds [0x0000000002d00000, 0x0000000003790000, 0x0000000011d00000]
 total_blobs=3736 nmethods=3073 adapters=575
 compilation: enabled

Compilation events (10 events):
Event: 103.564 Thread 0x0000000019d9c000 3534       3       java.io.BufferedWriter::newLine (9 bytes)
Event: 103.564 Thread 0x0000000019d9c000 nmethod 3534 0x0000000003232f90 code [0x0000000003233100, 0x0000000003233468]
Event: 103.564 Thread 0x0000000019d9c000 3536       3       java.lang.StringBuilder::append (9 bytes)
Event: 103.565 Thread 0x0000000019d9c000 nmethod 3536 0x0000000002e1b410 code [0x0000000002e1b5a0, 0x0000000002e1b998]
Event: 103.574 Thread 0x0000000019d56800 nmethod 3535 0x000000000315d590 code [0x000000000315d700, 0x000000000315dbf8]
Event: 103.657 Thread 0x0000000019d9c000 3537       1       java.io.OutputStream::flush (1 bytes)
Event: 103.657 Thread 0x0000000019d9c000 nmethod 3537 0x0000000003204110 code [0x0000000003204260, 0x0000000003204370]
Event: 103.735 Thread 0x0000000019d50000 3538  s!   4       com.sun.scenario.effect.impl.ImagePool::checkOut (447 bytes)
Event: 103.784 Thread 0x0000000019d56800 3539       4       java.lang.Integer::getChars (131 bytes)
Event: 103.794 Thread 0x0000000019d56800 nmethod 3539 0x000000000312a050 code [0x000000000312a1a0, 0x000000000312a378]

GC Heap History (10 events):
Event: 3.707 GC heap before
{Heap before GC invocations=3 (full 0):
 PSYoungGen      total 56832K, used 56345K [0x0000000780b00000, 0x0000000787a00000, 0x00000007c0000000)
  eden space 49152K, 99% used [0x0000000780b00000,0x0000000783a8c498,0x0000000783b00000)
  from space 7680K, 99% used [0x0000000784280000,0x00000007849f9fc0,0x0000000784a00000)
  to   space 7680K, 0% used [0x0000000783b00000,0x0000000783b00000,0x0000000784280000)
 ParOldGen       total 130048K, used 47908K [0x0000000702000000, 0x0000000709f00000, 0x0000000780b00000)
  object space 130048K, 36% used [0x0000000702000000,0x0000000704ec93f0,0x0000000709f00000)
 Metaspace       used 16237K, capacity 16874K, committed 17024K, reserved 1064960K
  class space    used 2218K, capacity 2407K, committed 2432K, reserved 1048576K
Event: 3.727 GC heap after
Heap after GC invocations=3 (full 0):
 PSYoungGen      total 56832K, used 7671K [0x0000000780b00000, 0x0000000787a00000, 0x00000007c0000000)
  eden space 49152K, 0% used [0x0000000780b00000,0x0000000780b00000,0x0000000783b00000)
  from space 7680K, 99% used [0x0000000783b00000,0x000000078427dfa0,0x0000000784280000)
  to   space 7680K, 0% used [0x0000000787280000,0x0000000787280000,0x0000000787a00000)
 ParOldGen       total 130048K, used 78800K [0x0000000702000000, 0x0000000709f00000, 0x0000000780b00000)
  object space 130048K, 60% used [0x0000000702000000,0x0000000706cf4230,0x0000000709f00000)
 Metaspace       used 16237K, capacity 16874K, committed 17024K, reserved 1064960K
  class space    used 2218K, capacity 2407K, committed 2432K, reserved 1048576K
}
Event: 5.604 GC heap before
{Heap before GC invocations=4 (full 0):
 PSYoungGen      total 56832K, used 56627K [0x0000000780b00000, 0x0000000787a00000, 0x00000007c0000000)
  eden space 49152K, 99% used [0x0000000780b00000,0x0000000783aced88,0x0000000783b00000)
  from space 7680K, 99% used [0x0000000783b00000,0x000000078427dfa0,0x0000000784280000)
  to   space 7680K, 0% used [0x0000000787280000,0x0000000787280000,0x0000000787a00000)
 ParOldGen       total 130048K, used 78800K [0x0000000702000000, 0x0000000709f00000, 0x0000000780b00000)
  object space 130048K, 60% used [0x0000000702000000,0x0000000706cf4230,0x0000000709f00000)
 Metaspace       used 17635K, capacity 18398K, committed 18688K, reserved 1064960K
  class space    used 2523K, capacity 2721K, committed 2816K, reserved 1048576K
Event: 5.625 GC heap after
Heap after GC invocations=4 (full 0):
 PSYoungGen      total 105984K, used 7660K [0x0000000780b00000, 0x0000000787a00000, 0x00000007c0000000)
  eden space 98304K, 0% used [0x0000000780b00000,0x0000000780b00000,0x0000000786b00000)
  from space 7680K, 99% used [0x0000000787280000,0x00000007879fb1a0,0x0000000787a00000)
  to   space 7680K, 0% used [0x0000000786b00000,0x0000000786b00000,0x0000000787280000)
 ParOldGen       total 130048K, used 107913K [0x0000000702000000, 0x0000000709f00000, 0x0000000780b00000)
  object space 130048K, 82% used [0x0000000702000000,0x0000000708962640,0x0000000709f00000)
 Metaspace       used 17635K, capacity 18398K, committed 18688K, reserved 1064960K
  class space    used 2523K, capacity 2721K, committed 2816K, reserved 1048576K
}
Event: 5.625 GC heap before
{Heap before GC invocations=5 (full 1):
 PSYoungGen      total 105984K, used 7660K [0x0000000780b00000, 0x0000000787a00000, 0x00000007c0000000)
  eden space 98304K, 0% used [0x0000000780b00000,0x0000000780b00000,0x0000000786b00000)
  from space 7680K, 99% used [0x0000000787280000,0x00000007879fb1a0,0x0000000787a00000)
  to   space 7680K, 0% used [0x0000000786b00000,0x0000000786b00000,0x0000000787280000)
 ParOldGen       total 130048K, used 107913K [0x0000000702000000, 0x0000000709f00000, 0x0000000780b00000)
  object space 130048K, 82% used [0x0000000702000000,0x0000000708962640,0x0000000709f00000)
 Metaspace       used 17635K, capacity 18398K, committed 18688K, reserved 1064960K
  class space    used 2523K, capacity 2721K, committed 2816K, reserved 1048576K
Event: 5.698 GC heap after
Heap after GC invocations=5 (full 1):
 PSYoungGen      total 105984K, used 0K [0x0000000780b00000, 0x0000000787a00000, 0x00000007c0000000)
  eden space 98304K, 0% used [0x0000000780b00000,0x0000000780b00000,0x0000000786b00000)
  from space 7680K, 0% used [0x0000000787280000,0x0000000787280000,0x0000000787a00000)
  to   space 7680K, 0% used [0x0000000786b00000,0x0000000786b00000,0x0000000787280000)
 ParOldGen       total 226304K, used 114690K [0x0000000702000000, 0x000000070fd00000, 0x0000000780b00000)
  object space 226304K, 50% used [0x0000000702000000,0x00000007090009d8,0x000000070fd00000)
 Metaspace       used 17635K, capacity 18398K, committed 18688K, reserved 1064960K
  class space    used 2523K, capacity 2721K, committed 2816K, reserved 1048576K
}
Event: 17.171 GC heap before
{Heap before GC invocations=6 (full 1):
 PSYoungGen      total 105984K, used 98304K [0x0000000780b00000, 0x0000000787a00000, 0x00000007c0000000)
  eden space 98304K, 100% used [0x0000000780b00000,0x0000000786b00000,0x0000000786b00000)
  from space 7680K, 0% used [0x0000000787280000,0x0000000787280000,0x0000000787a00000)
  to   space 7680K, 0% used [0x0000000786b00000,0x0000000786b00000,0x0000000787280000)
 ParOldGen       total 226304K, used 114690K [0x0000000702000000, 0x000000070fd00000, 0x0000000780b00000)
  object space 226304K, 50% used [0x0000000702000000,0x00000007090009d8,0x000000070fd00000)
 Metaspace       used 18195K, capacity 18974K, committed 19200K, reserved 1064960K
  class space    used 2532K, capacity 2727K, committed 2816K, reserved 1048576K
Event: 17.221 GC heap after
Heap after GC invocations=6 (full 1):
 PSYoungGen      total 105984K, used 7424K [0x0000000780b00000, 0x000000078f600000, 0x00000007c0000000)
  eden space 98304K, 0% used [0x0000000780b00000,0x0000000780b00000,0x0000000786b00000)
  from space 7680K, 96% used [0x0000000786b00000,0x00000007872403c0,0x0000000787280000)
  to   space 49664K, 0% used [0x000000078c580000,0x000000078c580000,0x000000078f600000)
 ParOldGen       total 226304K, used 157224K [0x0000000702000000, 0x000000070fd00000, 0x0000000780b00000)
  object space 226304K, 69% used [0x0000000702000000,0x000000070b98a318,0x000000070fd00000)
 Metaspace       used 18195K, capacity 18974K, committed 19200K, reserved 1064960K
  class space    used 2532K, capacity 2727K, committed 2816K, reserved 1048576K
}
Event: 58.205 GC heap before
{Heap before GC invocations=7 (full 1):
 PSYoungGen      total 105984K, used 105728K [0x0000000780b00000, 0x000000078f600000, 0x00000007c0000000)
  eden space 98304K, 100% used [0x0000000780b00000,0x0000000786b00000,0x0000000786b00000)
  from space 7680K, 96% used [0x0000000786b00000,0x00000007872403c0,0x0000000787280000)
  to   space 49664K, 0% used [0x000000078c580000,0x000000078c580000,0x000000078f600000)
 ParOldGen       total 226304K, used 157224K [0x0000000702000000, 0x000000070fd00000, 0x0000000780b00000)
  object space 226304K, 69% used [0x0000000702000000,0x000000070b98a318,0x000000070fd00000)
 Metaspace       used 18203K, capacity 18978K, committed 19200K, reserved 1064960K
  class space    used 2533K, capacity 2727K, committed 2816K, reserved 1048576K
Event: 58.228 GC heap after
Heap after GC invocations=7 (full 1):
 PSYoungGen      total 180736K, used 8832K [0x0000000780b00000, 0x000000078f280000, 0x00000007c0000000)
  eden space 134656K, 0% used [0x0000000780b00000,0x0000000780b00000,0x0000000788e80000)
  from space 46080K, 19% used [0x000000078c580000,0x000000078ce203c0,0x000000078f280000)
  to   space 51200K, 0% used [0x0000000788e80000,0x0000000788e80000,0x000000078c080000)
 ParOldGen       total 226304K, used 157232K [0x0000000702000000, 0x000000070fd00000, 0x0000000780b00000)
  object space 226304K, 69% used [0x0000000702000000,0x000000070b98c318,0x000000070fd00000)
 Metaspace       used 18203K, capacity 18978K, committed 19200K, reserved 1064960K
  class space    used 2533K, capacity 2727K, committed 2816K, reserved 1048576K
}

Deoptimization events (10 events):
Event: 26.216 Thread 0x000000001ba04000 Uncommon trap: reason=unstable_if action=reinterpret pc=0x00000000036c61cc method=java.util.concurrent.locks.ReentrantLock$NonfairSync.lock()V @ 6
Event: 32.046 Thread 0x000000001ba51000 Uncommon trap: reason=unstable_if action=reinterpret pc=0x000000000370dd94 method=com.sun.scenario.animation.shared.InfiniteClipEnvelope.timePulse(J)V @ 245
Event: 103.206 Thread 0x000000001ba04000 Uncommon trap: reason=class_check action=maybe_recompile pc=0x0000000003373e50 method=com.sun.scenario.effect.impl.ImagePool.checkOut(Lcom/sun/scenario/effect/impl/Renderer;II)Lcom/sun/scenario/effect/impl/PoolFilterable; @ 108
Event: 103.213 Thread 0x000000001ba04000 Uncommon trap: reason=unstable_if action=reinterpret pc=0x0000000003692158 method=com.sun.prism.impl.BaseResourcePool.freeDisposalRequestedAndCheckResources(Z)V @ 71
Event: 103.240 Thread 0x000000001ba04000 Uncommon trap: reason=class_check action=maybe_recompile pc=0x0000000003373e50 method=com.sun.scenario.effect.impl.ImagePool.checkOut(Lcom/sun/scenario/effect/impl/Renderer;II)Lcom/sun/scenario/effect/impl/PoolFilterable; @ 108
Event: 103.257 Thread 0x000000001ba04000 Uncommon trap: reason=class_check action=maybe_recompile pc=0x0000000003373e50 method=com.sun.scenario.effect.impl.ImagePool.checkOut(Lcom/sun/scenario/effect/impl/Renderer;II)Lcom/sun/scenario/effect/impl/PoolFilterable; @ 108
Event: 103.287 Thread 0x000000001ba04000 Uncommon trap: reason=unstable_if action=reinterpret pc=0x0000000003775f2c method=com.sun.javafx.sg.prism.NGNode.markCullRegions(Lcom/sun/javafx/geom/DirtyRegionContainer;ILcom/sun/javafx/geom/transform/BaseTransform;Lcom/sun/javafx/geom/transform/General
Event: 103.287 Thread 0x000000001ba04000 Uncommon trap: reason=class_check action=maybe_recompile pc=0x0000000003373e50 method=com.sun.scenario.effect.impl.ImagePool.checkOut(Lcom/sun/scenario/effect/impl/Renderer;II)Lcom/sun/scenario/effect/impl/PoolFilterable; @ 108
Event: 103.306 Thread 0x000000001ba04000 Uncommon trap: reason=unstable_if action=reinterpret pc=0x0000000002e958a0 method=com.sun.javafx.sg.prism.NGNode.markCullRegions(Lcom/sun/javafx/geom/DirtyRegionContainer;ILcom/sun/javafx/geom/transform/BaseTransform;Lcom/sun/javafx/geom/transform/General
Event: 103.400 Thread 0x000000001ba04000 Uncommon trap: reason=unstable_if action=reinterpret pc=0x000000000367f984 method=com.sun.prism.impl.BaseResourcePool.freeDisposalRequestedAndCheckResources(Z)V @ 71

Internal exceptions (10 events):
Event: 2.025 Thread 0x000000001ba51000 Exception <a 'java/lang/ArrayIndexOutOfBoundsException'> (0x0000000783801860) thrown at [C:\re\workspace\8-2-build-windows-amd64-cygwin\jdk8u144\9417\hotspot\src\share\vm\runtime\sharedRuntime.cpp, line 605]
Event: 2.076 Thread 0x000000001ba51000 Exception <a 'java/lang/ArrayIndexOutOfBoundsException'> (0x0000000783901120) thrown at [C:\re\workspace\8-2-build-windows-amd64-cygwin\jdk8u144\9417\hotspot\src\share\vm\runtime\sharedRuntime.cpp, line 605]
Event: 2.112 Thread 0x000000001ba51000 Exception <a 'java/io/FileNotFoundException'> (0x00000007839fb578) thrown at [C:\re\workspace\8-2-build-windows-amd64-cygwin\jdk8u144\9417\hotspot\src\share\vm\prims\jni.cpp, line 709]
Event: 4.148 Thread 0x000000001ba51000 Implicit null exception at 0x00000000030648f5 to 0x0000000003064b21
Event: 4.148 Thread 0x000000001ba51000 Implicit null exception at 0x000000000303eb98 to 0x000000000303ec26
Event: 4.151 Thread 0x000000001ba51000 Implicit null exception at 0x0000000002feb7af to 0x0000000002feb819
Event: 6.214 Thread 0x0000000021c9f800 Exception <a 'java/lang/NullPointerException'> (0x0000000784bbc890) thrown at [C:\re\workspace\8-2-build-windows-amd64-cygwin\jdk8u144\9417\hotspot\src\share\vm\interpreter\linkResolver.cpp, line 1197]
Event: 6.216 Thread 0x0000000021c9c800 Exception <a 'java/lang/NullPointerException'> (0x0000000784c21640) thrown at [C:\re\workspace\8-2-build-windows-amd64-cygwin\jdk8u144\9417\hotspot\src\share\vm\interpreter\linkResolver.cpp, line 1197]
Event: 7.513 Thread 0x000000001ba04000 Implicit null exception at 0x000000000335c895 to 0x000000000335c8fd
Event: 7.546 Thread 0x000000001ba04000 Implicit null exception at 0x0000000003349a10 to 0x0000000003349a6d

Events (10 events):
Event: 103.306 Thread 0x000000001ba04000 DEOPT PACKING pc=0x0000000002e958a0 sp=0x000000001bf1e750
Event: 103.306 Thread 0x000000001ba04000 DEOPT UNPACKING pc=0x0000000002d4582a sp=0x000000001bf1e6f8 mode 2
Event: 103.308 Thread 0x0000000019d9c000 flushing nmethod 0x00000000034b2490
Event: 103.309 Thread 0x0000000019d9c000 flushing nmethod 0x0000000003521810
Event: 103.310 Thread 0x0000000019d9c000 flushing nmethod 0x0000000003550c90
Event: 103.400 Thread 0x000000001ba04000 Uncommon trap: trap_request=0xffffff65 fr.pc=0x000000000367f984
Event: 103.400 Thread 0x000000001ba04000 DEOPT PACKING pc=0x000000000367f984 sp=0x000000001bf1ea00
Event: 103.400 Thread 0x000000001ba04000 DEOPT UNPACKING pc=0x0000000002d4582a sp=0x000000001bf1e9b8 mode 2
Event: 103.639 Executing VM operation: BulkRevokeBias
Event: 103.639 Executing VM operation: BulkRevokeBias done


Dynamic libraries:
0x00007ff7c74b0000 - 0x00007ff7c74e7000 	C:\Program Files\Java\jre1.8.0_144\bin\javaw.exe
0x00007fff260c0000 - 0x00007fff262a1000 	C:\WINDOWS\SYSTEM32\ntdll.dll
0x00007fff238b0000 - 0x00007fff23962000 	C:\WINDOWS\System32\KERNEL32.DLL
0x00007fff22ce0000 - 0x00007fff22f53000 	C:\WINDOWS\System32\KERNELBASE.dll
0x00007fff23800000 - 0x00007fff238a1000 	C:\WINDOWS\System32\ADVAPI32.dll
0x00007fff25990000 - 0x00007fff25a2e000 	C:\WINDOWS\System32\msvcrt.dll
0x00007fff239e0000 - 0x00007fff23a3b000 	C:\WINDOWS\System32\sechost.dll
0x00007fff25f30000 - 0x00007fff26054000 	C:\WINDOWS\System32\RPCRT4.dll
0x00007fff25800000 - 0x00007fff25990000 	C:\WINDOWS\System32\USER32.dll
0x00007fff23060000 - 0x00007fff23080000 	C:\WINDOWS\System32\win32u.dll
0x00007fff23e90000 - 0x00007fff23eb8000 	C:\WINDOWS\System32\GDI32.dll
0x00007fff23080000 - 0x00007fff23212000 	C:\WINDOWS\System32\gdi32full.dll
0x00007fff224b0000 - 0x00007fff2254f000 	C:\WINDOWS\System32\msvcp_win.dll
0x00007fff22f60000 - 0x00007fff2305a000 	C:\WINDOWS\System32\ucrtbase.dll
0x00007fff0c200000 - 0x00007fff0c469000 	C:\WINDOWS\WinSxS\amd64_microsoft.windows.common-controls_6595b64144ccf1df_6.0.17134.472_none_fb3f9af53068156d\COMCTL32.dll
0x00007fff24030000 - 0x00007fff24352000 	C:\WINDOWS\System32\combase.dll
0x00007fff22550000 - 0x00007fff225ca000 	C:\WINDOWS\System32\bcryptPrimitives.dll
0x00007fff237d0000 - 0x00007fff237fd000 	C:\WINDOWS\System32\IMM32.DLL
0x0000000069020000 - 0x00000000690f2000 	C:\Program Files\Java\jre1.8.0_144\bin\msvcr100.dll
0x0000000068780000 - 0x000000006901d000 	C:\Program Files\Java\jre1.8.0_144\bin\server\jvm.dll
0x00007fff23520000 - 0x00007fff23528000 	C:\WINDOWS\System32\PSAPI.DLL
0x00007fff19af0000 - 0x00007fff19af9000 	C:\WINDOWS\SYSTEM32\WSOCK32.dll
0x00007fff23970000 - 0x00007fff239dc000 	C:\WINDOWS\System32\WS2_32.dll
0x00007fff1e340000 - 0x00007fff1e363000 	C:\WINDOWS\SYSTEM32\WINMM.dll
0x00007fff1b810000 - 0x00007fff1b81a000 	C:\WINDOWS\SYSTEM32\VERSION.dll
0x00007fff1da70000 - 0x00007fff1da9a000 	C:\WINDOWS\SYSTEM32\WINMMBASE.dll
0x00007fff22460000 - 0x00007fff224a9000 	C:\WINDOWS\System32\cfgmgr32.dll
0x0000000068770000 - 0x000000006877f000 	C:\Program Files\Java\jre1.8.0_144\bin\verify.dll
0x0000000068740000 - 0x0000000068769000 	C:\Program Files\Java\jre1.8.0_144\bin\java.dll
0x0000000068720000 - 0x0000000068736000 	C:\Program Files\Java\jre1.8.0_144\bin\zip.dll
0x00007fff24360000 - 0x00007fff257a0000 	C:\WINDOWS\System32\SHELL32.dll
0x00007fff25b00000 - 0x00007fff25ba9000 	C:\WINDOWS\System32\shcore.dll
0x00007fff225d0000 - 0x00007fff22cdd000 	C:\WINDOWS\System32\windows.storage.dll
0x00007fff257a0000 - 0x00007fff257f1000 	C:\WINDOWS\System32\shlwapi.dll
0x00007fff223f0000 - 0x00007fff22401000 	C:\WINDOWS\System32\kernel.appcore.dll
0x00007fff22420000 - 0x00007fff2243f000 	C:\WINDOWS\System32\profapi.dll
0x00007fff223a0000 - 0x00007fff223ec000 	C:\WINDOWS\System32\powrprof.dll
0x00007fff22410000 - 0x00007fff2241a000 	C:\WINDOWS\System32\FLTLIB.DLL
0x00007ffed98a0000 - 0x00007ffed998f000 	C:\Program Files\Java\jre1.8.0_144\bin\msvcr120.dll
0x00007ffefd280000 - 0x00007ffefd326000 	C:\Program Files\Java\jre1.8.0_144\bin\msvcp120.dll
0x00000000686f0000 - 0x0000000068712000 	C:\Program Files\Java\jre1.8.0_144\bin\prism_d3d.dll
0x00007ffee65d0000 - 0x00007ffee6767000 	C:\WINDOWS\system32\d3d9.dll
0x00007fff20b10000 - 0x00007fff20b39000 	C:\WINDOWS\SYSTEM32\dwmapi.dll
0x00007fff208c0000 - 0x00007fff20958000 	C:\WINDOWS\system32\uxtheme.dll
0x00007ffede900000 - 0x00007ffee40e4000 	C:\WINDOWS\System32\DriverStore\FileRepository\igdlh64.inf_amd64_82119d956c80af5a\igdumdim64.dll
0x00007fff25a30000 - 0x00007fff25af2000 	C:\WINDOWS\System32\OLEAUT32.dll
0x00007fff23ec0000 - 0x00007fff24011000 	C:\WINDOWS\System32\ole32.dll
0x00007fff23a40000 - 0x00007fff23e8b000 	C:\WINDOWS\System32\SETUPAPI.dll
0x00000000686a0000 - 0x00000000686e3000 	C:\Program Files\Java\jre1.8.0_144\bin\glass.dll
0x00007fff25e40000 - 0x00007fff25f2d000 	C:\WINDOWS\System32\COMDLG32.dll
0x00007fff25c50000 - 0x00007fff25dc3000 	C:\WINDOWS\System32\MSCTF.dll
0x00007fff14770000 - 0x00007fff158cc000 	C:\WINDOWS\System32\DriverStore\FileRepository\igdlh64.inf_amd64_82119d956c80af5a\igc64.dll
0x0000000068620000 - 0x0000000068693000 	C:\Program Files\Java\jre1.8.0_144\bin\glib-lite.dll
0x0000000068580000 - 0x000000006861c000 	C:\Program Files\Java\jre1.8.0_144\bin\gstreamer-lite.dll
0x00007ffeeddb0000 - 0x00007ffeede3f000 	C:\WINDOWS\SYSTEM32\DSOUND.dll
0x0000000068550000 - 0x0000000068575000 	C:\Program Files\Java\jre1.8.0_144\bin\jfxmedia.dll
0x0000000068530000 - 0x0000000068544000 	C:\Program Files\Java\jre1.8.0_144\bin\javafx_font.dll
0x00007fff119a0000 - 0x00007fff11cbc000 	C:\WINDOWS\SYSTEM32\dwrite.dll
0x00007fff25bb0000 - 0x00007fff25c50000 	C:\WINDOWS\System32\clbcatq.dll
0x00007fff206d0000 - 0x00007fff2087e000 	C:\WINDOWS\SYSTEM32\WindowsCodecs.dll
0x00007fff1dfa0000 - 0x00007fff1dff8000 	C:\WINDOWS\system32\dataexchange.dll
0x00007fff1daa0000 - 0x00007fff1dc3c000 	C:\WINDOWS\system32\dcomp.dll
0x00007fff1f8c0000 - 0x00007fff1fbcb000 	C:\WINDOWS\system32\d3d11.dll
0x00007fff21110000 - 0x00007fff211cb000 	C:\WINDOWS\system32\dxgi.dll
0x00007fff20bc0000 - 0x00007fff20d78000 	C:\WINDOWS\system32\twinapi.appcore.dll
0x00007fff20b40000 - 0x00007fff20b61000 	C:\WINDOWS\system32\RMCLIENT.dll
0x00007fff130a0000 - 0x00007fff130d4000 	C:\Program Files\Common Files\Microsoft Shared\Ink\rtscom.dll
0x00007fff192a0000 - 0x00007fff19336000 	C:\WINDOWS\System32\TextInputFramework.dll
0x00007fff1dc50000 - 0x00007fff1dd2a000 	C:\WINDOWS\System32\CoreMessaging.dll
0x00007fff18f80000 - 0x00007fff1929e000 	C:\WINDOWS\System32\CoreUIComponents.dll
0x00007fff21460000 - 0x00007fff21491000 	C:\WINDOWS\SYSTEM32\ntmarta.dll
0x00007fff1fc60000 - 0x00007fff1fdad000 	C:\WINDOWS\SYSTEM32\wintypes.dll
0x0000000068510000 - 0x0000000068521000 	C:\Program Files\Java\jre1.8.0_144\bin\prism_common.dll
0x00007fff1b850000 - 0x00007fff1ba19000 	C:\WINDOWS\SYSTEM32\dbghelp.dll

VM Arguments:
jvm_args: -Dfile.encoding=UTF-8 
java_command: controller.Main
java_class_path (initial): C:\Users\Piotr\Desktop\Studia podyplomowe JAVA\PRP FINAL\28122018 KS KAlambury FRONT END\Kalambury\bin;C:\Users\Piotr\.p2\pool\plugins\org.eclipse.fx.ide.css.jfx8_3.3.0.201809010700.jar
Launcher Type: SUN_STANDARD

Environment Variables:
PATH=C:/Program Files/Java/jre1.8.0_191/bin/server;C:/Program Files/Java/jre1.8.0_191/bin;C:/Program Files/Java/jre1.8.0_191/lib/amd64;C:\Program Files (x86)\Common Files\Intel\Shared Files\cpp\bin\Intel64;C:\Program Files (x86)\Common Files\Oracle\Java\javapath;C:\ProgramData\Oracle\Java\javapath;C:\Program Files (x86)\Intel\iCLS Client\;C:\Program Files\Intel\iCLS Client\;C:\Windows\system32;C:\Windows;C:\Windows\System32\Wbem;C:\Windows\System32\WindowsPowerShell\v1.0\;C:\Program Files (x86)\NVIDIA Corporation\PhysX\Common;C:\Program Files (x86)\Intel\Intel(R) Management Engine Components\DAL;C:\Program Files\Intel\Intel(R) Management Engine Components\DAL;C:\Program Files (x86)\Intel\Intel(R) Management Engine Components\IPT;C:\Program Files\Intel\Intel(R) Management Engine Components\IPT;C:\WINDOWS\system32;C:\WINDOWS;C:\WINDOWS\System32\Wbem;C:\WINDOWS\System32\WindowsPowerShell\v1.0\;C:\WINDOWS\System32\OpenSSH\;C:\Program Files\Java\jdk1.8.0_144\bin;;%USERPROFILE%\AppData\Local\Microsoft\WindowsApps;C:\Users\Piotr\Desktop;
USERNAME=Piotr
OS=Windows_NT
PROCESSOR_IDENTIFIER=Intel64 Family 6 Model 142 Stepping 9, GenuineIntel



---------------  S Y S T E M  ---------------

OS: Windows 10.0 , 64 bit Build 17134 (10.0.17134.1)

CPU:total 4 (initial active 4) (2 cores per cpu, 2 threads per core) family 6 model 142 stepping 9, cmov, cx8, fxsr, mmx, sse, sse2, sse3, ssse3, sse4.1, sse4.2, popcnt, avx, avx2, aes, clmul, erms, 3dnowpref, lzcnt, ht, tsc, tscinvbit, bmi1, bmi2, adx

Memory: 4k page, physical 12447964k(4948748k free), swap 14378268k(2776164k free)

vm_info: Java HotSpot(TM) 64-Bit Server VM (25.144-b01) for windows-amd64 JRE (1.8.0_144-b01), built on Jul 21 2017 21:57:33 by "java_re" with MS VC++ 10.0 (VS2010)

time: Sat Jan 05 19:34:52 2019
elapsed time: 103 seconds (0d 0h 1m 43s)

