#
# A fatal error has been detected by the Java Runtime Environment:
#
#  EXCEPTION_ACCESS_VIOLATION (0xc0000005) at pc=0x000000005bb139e2, pid=412440, tid=0x00000000000638ec
#
# JRE version: Java(TM) SE Runtime Environment (8.0_144-b01) (build 1.8.0_144-b01)
# Java VM: Java HotSpot(TM) 64-Bit Server VM (25.144-b01 mixed mode windows-amd64 compressed oops)
# Problematic frame:
# V  [jvm.dll+0x439e2]
#
# Failed to write core dump. Minidumps are not enabled by default on client versions of Windows
#
# If you would like to submit a bug report, please visit:
#   http://bugreport.java.com/bugreport/crash.jsp
#

---------------  T H R E A D  ---------------

Current thread (0x00000000198f0000):  JavaThread "C2 CompilerThread0" daemon [_thread_in_vm, id=407788, stack(0x000000001af70000,0x000000001b070000)]

siginfo: ExceptionCode=0xc0000005, reading address 0x0000000000000040

Registers:
RAX=0x00000000198f0000, RBX=0x0000000000000040, RCX=0x0000000000000007, RDX=0x0000000000000040
RSP=0x000000001b06e010, RBP=0x000000002aea52c0, RSI=0x0000000000000040, RDI=0x0000000000000000
R8 =0x0000000000000001, R9 =0x0000000000000000, R10=0x000000002aea54f0, R11=0x000000001b593240
R12=0x00000000198f0000, R13=0x000000002aea52c0, R14=0x0000000020da28b0, R15=0x0000000020da4100
RIP=0x000000005bb139e2, EFLAGS=0x0000000000010202

Top of Stack: (sp=0x000000001b06e010)
0x000000001b06e010:   00000007c00b2270 00000007c00b2270
0x000000001b06e020:   000000002aea52c0 000000005bb6c73d
0x000000001b06e030:   0000000020988ed0 000000005bce6e7f
0x000000001b06e040:   0000000000000000 00000007c00b2270
0x000000001b06e050:   0000000000000068 000000005bb13d79
0x000000001b06e060:   0000000000000067 000000005bbbd03b
0x000000001b06e070:   0000000000000000 0000000020da4170
0x000000001b06e080:   00000000198b77c0 0000000020da4160
0x000000001b06e090:   0000000000000001 000000005bb0fa70
0x000000001b06e0a0:   0000000020da4170 0000000000000040
0x000000001b06e0b0:   0000000000000018 0000000019911fe0
0x000000001b06e0c0:   0000000020da4170 000000005bb109c1
0x000000001b06e0d0:   0000000000000050 000000001b593f40
0x000000001b06e0e0:   0000000020da4160 0000000026b5ab30
0x000000001b06e0f0:   0000000000000000 000000001b06ee00
0x000000001b06e100:   0000000000000001 000000001b06eef0 

Instructions: (pc=0x000000005bb139e2)
0x000000005bb139c2:   e9 8b 0d 7f fe 76 00 48 8b da ff 15 1e 9a 59 00
0x000000005bb139d2:   44 0f b6 05 f2 06 7b 00 4c 8b e0 45 84 c0 74 39
0x000000005bb139e2:   4c 8b 03 48 8b cb 41 ff 50 08 84 c0 74 2b 83 7b
0x000000005bb139f2:   08 00 7e 25 0f b6 83 0e 01 00 00 c0 e8 03 a8 01 


Register to memory mapping:

RAX=0x00000000198f0000 is a thread
RBX=0x0000000000000040 is an unknown value
RCX=0x0000000000000007 is an unknown value
RDX=0x0000000000000040 is an unknown value
RSP=0x000000001b06e010 is pointing into the stack for thread: 0x00000000198f0000
RBP=0x000000002aea52c0 is an unknown value
RSI=0x0000000000000040 is an unknown value
RDI=0x0000000000000000 is an unknown value
R8 =0x0000000000000001 is an unknown value
R9 =0x0000000000000000 is an unknown value
R10=0x000000002aea54f0 is an unknown value
R11=0x000000001b593240 is an unknown value
R12=0x00000000198f0000 is a thread
R13=0x000000002aea52c0 is an unknown value
R14=0x0000000020da28b0 is an unknown value
R15=0x0000000020da4100 is an unknown value


Stack: [0x000000001af70000,0x000000001b070000],  sp=0x000000001b06e010,  free space=1016k
Native frames: (J=compiled Java code, j=interpreted, Vv=VM code, C=native code)
V  [jvm.dll+0x439e2]
V  [jvm.dll+0x43d79]
V  [jvm.dll+0x3fa70]
V  [jvm.dll+0x409c1]
V  [jvm.dll+0x3b463]
V  [jvm.dll+0x3b579]
V  [jvm.dll+0x4767ad]
V  [jvm.dll+0x4598c2]
V  [jvm.dll+0xa5dc2]
V  [jvm.dll+0xa66ff]
V  [jvm.dll+0x24524f]
V  [jvm.dll+0x29ca6a]
C  [msvcr100.dll+0x21d9f]
C  [msvcr100.dll+0x21e3b]
C  [KERNEL32.DLL+0x13034]
C  [ntdll.dll+0x73691]


Current CompileTask:
C2: 127247 5046       4       com.sun.javafx.geom.BoxBounds::deriveWithNewBounds (95 bytes)


---------------  P R O C E S S  ---------------

Java Threads: ( => current thread )
  0x000000002b62d000 JavaThread "Timer-11" [_thread_blocked, id=412688, stack(0x00000000315c0000,0x00000000316c0000)]
  0x000000002b632000 JavaThread "Thread-27" [_thread_blocked, id=410692, stack(0x00000000314c0000,0x00000000315c0000)]
  0x000000002b631800 JavaThread "Timer-10" [_thread_blocked, id=404884, stack(0x00000000312c0000,0x00000000313c0000)]
  0x000000002b62d800 JavaThread "Timer-6" [_thread_blocked, id=413188, stack(0x0000000030cc0000,0x0000000030dc0000)]
  0x000000002b630800 JavaThread "Timer-4" [_thread_blocked, id=412844, stack(0x00000000308c0000,0x00000000309c0000)]
  0x000000002b62f000 JavaThread "Timer-2" [_thread_blocked, id=412744, stack(0x00000000304c0000,0x00000000305c0000)]
  0x000000002b62c000 JavaThread "Timer-0" [_thread_blocked, id=403424, stack(0x000000002e3c0000,0x000000002e4c0000)]
  0x000000002b62e800 JavaThread "Thread-7" [_thread_in_Java, id=389184, stack(0x000000002e1c0000,0x000000002e2c0000)]
  0x000000001b3b9800 JavaThread "Thread-4" daemon [_thread_blocked, id=409852, stack(0x000000002aca0000,0x000000002ada0000)]
  0x0000000020b18800 JavaThread "Media Resource Disposer" daemon [_thread_blocked, id=387120, stack(0x0000000026860000,0x0000000026960000)]
  0x00000000209ca800 JavaThread "Prism Font Disposer" daemon [_thread_blocked, id=412668, stack(0x0000000023b60000,0x0000000023c60000)]
  0x00000000207c5000 JavaThread "JavaFX-Launcher" [_thread_blocked, id=409768, stack(0x00000000211e0000,0x00000000212e0000)]
  0x000000001b66a000 JavaThread "Thread-2" daemon [_thread_in_native, id=409864, stack(0x00000000210e0000,0x00000000211e0000)]
  0x000000001b659800 JavaThread "JavaFX Application Thread" [_thread_in_native, id=409756, stack(0x000000001bcf0000,0x000000001bdf0000)]
  0x000000001b64e000 JavaThread "Thread-1" daemon [_thread_in_native, id=409792, stack(0x000000001bbf0000,0x000000001bcf0000)]
  0x000000001b631800 JavaThread "QuantumRenderer-0" daemon [_thread_blocked, id=394368, stack(0x000000001b9c0000,0x000000001bac0000)]
  0x000000001994d800 JavaThread "Service Thread" daemon [_thread_blocked, id=407912, stack(0x000000001b670000,0x000000001b770000)]
  0x00000000198fd800 JavaThread "C1 CompilerThread2" daemon [_thread_blocked, id=409128, stack(0x000000001b170000,0x000000001b270000)]
  0x00000000198f8000 JavaThread "C2 CompilerThread1" daemon [_thread_blocked, id=410492, stack(0x000000001b070000,0x000000001b170000)]
=>0x00000000198f0000 JavaThread "C2 CompilerThread0" daemon [_thread_in_vm, id=407788, stack(0x000000001af70000,0x000000001b070000)]
  0x00000000198ee800 JavaThread "Attach Listener" daemon [_thread_blocked, id=409760, stack(0x000000001ae70000,0x000000001af70000)]
  0x00000000198ee000 JavaThread "Signal Dispatcher" daemon [_thread_blocked, id=346744, stack(0x000000001ad70000,0x000000001ae70000)]
  0x00000000198da800 JavaThread "Finalizer" daemon [_thread_blocked, id=409556, stack(0x000000001ab50000,0x000000001ac50000)]
  0x0000000002842000 JavaThread "Reference Handler" daemon [_thread_blocked, id=407772, stack(0x000000001aa50000,0x000000001ab50000)]
  0x0000000002750800 JavaThread "main" [_thread_blocked, id=397716, stack(0x0000000002640000,0x0000000002740000)]

Other Threads:
  0x00000000198b8000 VMThread [stack: 0x000000001a950000,0x000000001aa50000] [id=346680]
  0x000000001b2cb000 WatcherThread [stack: 0x000000001b8c0000,0x000000001b9c0000] [id=410760]

VM state:not at safepoint (normal execution)

VM Mutex/Monitor currently owned by a thread: None

Heap:
 PSYoungGen      total 94208K, used 79588K [0x0000000780b00000, 0x0000000788300000, 0x00000007c0000000)
  eden space 93696K, 84% used [0x0000000780b00000,0x0000000785869020,0x0000000786680000)
  from space 512K, 62% used [0x0000000788200000,0x0000000788250000,0x0000000788280000)
  to   space 512K, 0% used [0x0000000788280000,0x0000000788280000,0x0000000788300000)
 ParOldGen       total 307712K, used 271814K [0x0000000702000000, 0x0000000714c80000, 0x0000000780b00000)
  object space 307712K, 88% used [0x0000000702000000,0x0000000712971a28,0x0000000714c80000)
 Metaspace       used 20412K, capacity 21576K, committed 21760K, reserved 1069056K
  class space    used 2743K, capacity 2993K, committed 3072K, reserved 1048576K

Card table byte_map: [0x0000000011c20000,0x0000000012220000] byte_map_base: 0x000000000e410000

Marking Bits: (ParMarkBitMap*) 0x000000005c2ed850
 Begin Bits: [0x0000000012a20000, 0x00000000159a0000)
 End Bits:   [0x00000000159a0000, 0x0000000018920000)

Polling page: 0x0000000000e60000

CodeCache: size=245760Kb used=12985Kb max_used=13164Kb free=232774Kb
 bounds [0x0000000002860000, 0x0000000003550000, 0x0000000011860000]
 total_blobs=4790 nmethods=4098 adapters=603
 compilation: enabled

Compilation events (10 events):
Event: 126.500 Thread 0x00000000198f8000 nmethod 5043 0x0000000003329a10 code [0x0000000003329c20, 0x000000000332ac80]
Event: 126.925 Thread 0x00000000198f0000 5044       4       com.sun.javafx.tk.quantum.ViewPainter::doPaint (205 bytes)
Event: 126.932 Thread 0x00000000198f0000 nmethod 5044 0x00000000030f0190 code [0x00000000030f0360, 0x00000000030f0790]
Event: 127.036 Thread 0x00000000198f8000 5045       4       com.sun.javafx.text.PrismTextLayout::computeSideBearings (440 bytes)
Event: 127.077 Thread 0x00000000198f8000 nmethod 5045 0x000000000344d550 code [0x000000000344d8a0, 0x000000000344fd38]
Event: 127.085 Thread 0x00000000198f0000 5046       4       com.sun.javafx.geom.BoxBounds::deriveWithNewBounds (95 bytes)
Event: 127.086 Thread 0x00000000198f8000 5047   !   4       java.util.concurrent.LinkedBlockingQueue::take (93 bytes)
Event: 127.103 Thread 0x00000000198f8000 nmethod 5047 0x000000000341dbd0 code [0x000000000341dda0, 0x000000000341e740]
Event: 127.103 Thread 0x00000000198f8000 5048       4       java.util.concurrent.CountDownLatch$Sync::tryReleaseShared (37 bytes)
Event: 127.104 Thread 0x00000000198f8000 nmethod 5048 0x0000000002b2bf50 code [0x0000000002b2c080, 0x0000000002b2c138]

GC Heap History (10 events):
Event: 124.958 GC heap before
{Heap before GC invocations=161 (full 2):
 PSYoungGen      total 105472K, used 105184K [0x0000000780b00000, 0x0000000788300000, 0x00000007c0000000)
  eden space 104960K, 100% used [0x0000000780b00000,0x0000000787180000,0x0000000787180000)
  from space 512K, 43% used [0x0000000788280000,0x00000007882b8000,0x0000000788300000)
  to   space 1024K, 0% used [0x0000000788100000,0x0000000788100000,0x0000000788200000)
 ParOldGen       total 307712K, used 271798K [0x0000000702000000, 0x0000000714c80000, 0x0000000780b00000)
  object space 307712K, 88% used [0x0000000702000000,0x000000071296da28,0x0000000714c80000)
 Metaspace       used 20387K, capacity 21512K, committed 21760K, reserved 1069056K
  class space    used 2743K, capacity 2993K, committed 3072K, reserved 1048576K
Event: 124.959 GC heap after
Heap after GC invocations=161 (full 2):
 PSYoungGen      total 103424K, used 224K [0x0000000780b00000, 0x0000000788300000, 0x00000007c0000000)
  eden space 102400K, 0% used [0x0000000780b00000,0x0000000780b00000,0x0000000786f00000)
  from space 1024K, 21% used [0x0000000788100000,0x0000000788138000,0x0000000788200000)
  to   space 512K, 0% used [0x0000000788280000,0x0000000788280000,0x0000000788300000)
 ParOldGen       total 307712K, used 271798K [0x0000000702000000, 0x0000000714c80000, 0x0000000780b00000)
  object space 307712K, 88% used [0x0000000702000000,0x000000071296da28,0x0000000714c80000)
 Metaspace       used 20387K, capacity 21512K, committed 21760K, reserved 1069056K
  class space    used 2743K, capacity 2993K, committed 3072K, reserved 1048576K
}
Event: 125.432 GC heap before
{Heap before GC invocations=162 (full 2):
 PSYoungGen      total 103424K, used 102624K [0x0000000780b00000, 0x0000000788300000, 0x00000007c0000000)
  eden space 102400K, 100% used [0x0000000780b00000,0x0000000786f00000,0x0000000786f00000)
  from space 1024K, 21% used [0x0000000788100000,0x0000000788138000,0x0000000788200000)
  to   space 512K, 0% used [0x0000000788280000,0x0000000788280000,0x0000000788300000)
 ParOldGen       total 307712K, used 271798K [0x0000000702000000, 0x0000000714c80000, 0x0000000780b00000)
  object space 307712K, 88% used [0x0000000702000000,0x000000071296da28,0x0000000714c80000)
 Metaspace       used 20387K, capacity 21512K, committed 21760K, reserved 1069056K
  class space    used 2743K, capacity 2993K, committed 3072K, reserved 1048576K
Event: 125.434 GC heap after
Heap after GC invocations=162 (full 2):
 PSYoungGen      total 100352K, used 224K [0x0000000780b00000, 0x0000000788300000, 0x00000007c0000000)
  eden space 99840K, 0% used [0x0000000780b00000,0x0000000780b00000,0x0000000786c80000)
  from space 512K, 43% used [0x0000000788280000,0x00000007882b8000,0x0000000788300000)
  to   space 512K, 0% used [0x0000000788200000,0x0000000788200000,0x0000000788280000)
 ParOldGen       total 307712K, used 271798K [0x0000000702000000, 0x0000000714c80000, 0x0000000780b00000)
  object space 307712K, 88% used [0x0000000702000000,0x000000071296da28,0x0000000714c80000)
 Metaspace       used 20387K, capacity 21512K, committed 21760K, reserved 1069056K
  class space    used 2743K, capacity 2993K, committed 3072K, reserved 1048576K
}
Event: 125.910 GC heap before
{Heap before GC invocations=163 (full 2):
 PSYoungGen      total 100352K, used 100064K [0x0000000780b00000, 0x0000000788300000, 0x00000007c0000000)
  eden space 99840K, 100% used [0x0000000780b00000,0x0000000786c80000,0x0000000786c80000)
  from space 512K, 43% used [0x0000000788280000,0x00000007882b8000,0x0000000788300000)
  to   space 512K, 0% used [0x0000000788200000,0x0000000788200000,0x0000000788280000)
 ParOldGen       total 307712K, used 271798K [0x0000000702000000, 0x0000000714c80000, 0x0000000780b00000)
  object space 307712K, 88% used [0x0000000702000000,0x000000071296da28,0x0000000714c80000)
 Metaspace       used 20407K, capacity 21512K, committed 21760K, reserved 1069056K
  class space    used 2743K, capacity 2993K, committed 3072K, reserved 1048576K
Event: 125.912 GC heap after
Heap after GC invocations=163 (full 2):
 PSYoungGen      total 98304K, used 224K [0x0000000780b00000, 0x0000000788300000, 0x00000007c0000000)
  eden space 97792K, 0% used [0x0000000780b00000,0x0000000780b00000,0x0000000786a80000)
  from space 512K, 43% used [0x0000000788200000,0x0000000788238000,0x0000000788280000)
  to   space 512K, 0% used [0x0000000788280000,0x0000000788280000,0x0000000788300000)
 ParOldGen       total 307712K, used 271798K [0x0000000702000000, 0x0000000714c80000, 0x0000000780b00000)
  object space 307712K, 88% used [0x0000000702000000,0x000000071296da28,0x0000000714c80000)
 Metaspace       used 20407K, capacity 21512K, committed 21760K, reserved 1069056K
  class space    used 2743K, capacity 2993K, committed 3072K, reserved 1048576K
}
Event: 126.388 GC heap before
{Heap before GC invocations=164 (full 2):
 PSYoungGen      total 98304K, used 98016K [0x0000000780b00000, 0x0000000788300000, 0x00000007c0000000)
  eden space 97792K, 100% used [0x0000000780b00000,0x0000000786a80000,0x0000000786a80000)
  from space 512K, 43% used [0x0000000788200000,0x0000000788238000,0x0000000788280000)
  to   space 512K, 0% used [0x0000000788280000,0x0000000788280000,0x0000000788300000)
 ParOldGen       total 307712K, used 271798K [0x0000000702000000, 0x0000000714c80000, 0x0000000780b00000)
  object space 307712K, 88% used [0x0000000702000000,0x000000071296da28,0x0000000714c80000)
 Metaspace       used 20412K, capacity 21576K, committed 21760K, reserved 1069056K
  class space    used 2743K, capacity 2993K, committed 3072K, reserved 1048576K
Event: 126.390 GC heap after
Heap after GC invocations=164 (full 2):
 PSYoungGen      total 96256K, used 288K [0x0000000780b00000, 0x0000000788300000, 0x00000007c0000000)
  eden space 95744K, 0% used [0x0000000780b00000,0x0000000780b00000,0x0000000786880000)
  from space 512K, 56% used [0x0000000788280000,0x00000007882c8000,0x0000000788300000)
  to   space 512K, 0% used [0x0000000788200000,0x0000000788200000,0x0000000788280000)
 ParOldGen       total 307712K, used 271798K [0x0000000702000000, 0x0000000714c80000, 0x0000000780b00000)
  object space 307712K, 88% used [0x0000000702000000,0x000000071296da28,0x0000000714c80000)
 Metaspace       used 20412K, capacity 21576K, committed 21760K, reserved 1069056K
  class space    used 2743K, capacity 2993K, committed 3072K, reserved 1048576K
}
Event: 126.853 GC heap before
{Heap before GC invocations=165 (full 2):
 PSYoungGen      total 96256K, used 96032K [0x0000000780b00000, 0x0000000788300000, 0x00000007c0000000)
  eden space 95744K, 100% used [0x0000000780b00000,0x0000000786880000,0x0000000786880000)
  from space 512K, 56% used [0x0000000788280000,0x00000007882c8000,0x0000000788300000)
  to   space 512K, 0% used [0x0000000788200000,0x0000000788200000,0x0000000788280000)
 ParOldGen       total 307712K, used 271798K [0x0000000702000000, 0x0000000714c80000, 0x0000000780b00000)
  object space 307712K, 88% used [0x0000000702000000,0x000000071296da28,0x0000000714c80000)
 Metaspace       used 20412K, capacity 21576K, committed 21760K, reserved 1069056K
  class space    used 2743K, capacity 2993K, committed 3072K, reserved 1048576K
Event: 126.854 GC heap after
Heap after GC invocations=165 (full 2):
 PSYoungGen      total 94208K, used 320K [0x0000000780b00000, 0x0000000788300000, 0x00000007c0000000)
  eden space 93696K, 0% used [0x0000000780b00000,0x0000000780b00000,0x0000000786680000)
  from space 512K, 62% used [0x0000000788200000,0x0000000788250000,0x0000000788280000)
  to   space 512K, 0% used [0x0000000788280000,0x0000000788280000,0x0000000788300000)
 ParOldGen       total 307712K, used 271814K [0x0000000702000000, 0x0000000714c80000, 0x0000000780b00000)
  object space 307712K, 88% used [0x0000000702000000,0x0000000712971a28,0x0000000714c80000)
 Metaspace       used 20412K, capacity 21576K, committed 21760K, reserved 1069056K
  class space    used 2743K, capacity 2993K, committed 3072K, reserved 1048576K
}

Deoptimization events (10 events):
Event: 56.481 Thread 0x000000001b631800 Uncommon trap: reason=unstable_if action=reinterpret pc=0x0000000002ee2b98 method=java.lang.Math.round(F)I @ 23
Event: 56.481 Thread 0x000000001b631800 Uncommon trap: reason=unstable_if action=reinterpret pc=0x0000000002d80bf8 method=java.lang.Math.round(F)I @ 23
Event: 56.481 Thread 0x000000001b631800 Uncommon trap: reason=unstable_if action=reinterpret pc=0x0000000002ec88b0 method=java.lang.Math.round(F)I @ 23
Event: 61.100 Thread 0x000000001b659800 Uncommon trap: reason=bimorphic action=maybe_recompile pc=0x000000000333a26c method=java.util.AbstractList.rangeCheckForAdd(I)V @ 6
Event: 72.642 Thread 0x000000001b659800 Uncommon trap: reason=unstable_if action=reinterpret pc=0x0000000002d5c490 method=com.sun.scenario.animation.shared.InfiniteClipEnvelope.timePulse(J)V @ 245
Event: 76.038 Thread 0x000000001b659800 Uncommon trap: reason=bimorphic action=maybe_recompile pc=0x000000000333a26c method=java.util.AbstractList.rangeCheckForAdd(I)V @ 6
Event: 91.680 Thread 0x000000001b631800 Uncommon trap: reason=unstable_if action=reinterpret pc=0x0000000002989dd0 method=java.nio.Bits.tryReserveMemory(JI)Z @ 29
Event: 91.680 Thread 0x0000000002842000 Uncommon trap: reason=unstable_if action=reinterpret pc=0x000000000333e240 method=sun.misc.Cleaner.remove(Lsun/misc/Cleaner;)Z @ 14
Event: 109.598 Thread 0x000000001b631800 Uncommon trap: reason=class_check action=maybe_recompile pc=0x0000000002f85e14 method=com.sun.javafx.sg.prism.NGNode.clearDirtyTree()V @ 26
Event: 124.189 Thread 0x000000001b631800 Uncommon trap: reason=unstable_if action=reinterpret pc=0x0000000002f7ca08 method=com.sun.prism.impl.ps.PaintHelper.initGradient(Lcom/sun/prism/paint/Gradient;)I @ 8

Internal exceptions (10 events):
Event: 37.839 Thread 0x000000002b62d800 Exception <a 'java/lang/ThreadDeath': sleep interrupted> (0x00000007922eaa88) thrown at [C:\re\workspace\8-2-build-windows-amd64-cygwin\jdk8u144\9417\hotspot\src\share\vm\prims\jvm.cpp, line 3228]
Event: 54.977 Thread 0x000000002b62e800 JVM_StopThread thread JavaThread 0x000000002b630000 as oop 0x0000000791289258 [exception 0x000000002e2bf008]
Event: 54.978 Thread 0x000000002b630000 Exception <a 'java/lang/ThreadDeath': sleep interrupted> (0x00000007891bdb20) thrown at [C:\re\workspace\8-2-build-windows-amd64-cygwin\jdk8u144\9417\hotspot\src\share\vm\prims\jvm.cpp, line 3228]
Event: 54.996 Thread 0x000000001b631800 Implicit null exception at 0x00000000031cdc6b to 0x00000000031ce589
Event: 54.996 Thread 0x000000001b631800 Implicit null exception at 0x000000000325a3a2 to 0x000000000325b3b9
Event: 65.433 Thread 0x000000001b659800 JVM_StopThread thread JavaThread 0x000000002b632000 as oop 0x00000007918901d0 [exception 0x000000001bdeca18]
Event: 65.433 Thread 0x000000002b632000 Exception <a 'java/lang/ThreadDeath': sleep interrupted> (0x000000078405ff40) thrown at [C:\re\workspace\8-2-build-windows-amd64-cygwin\jdk8u144\9417\hotspot\src\share\vm\prims\jvm.cpp, line 3228]
Event: 106.041 Thread 0x000000002b632000 JVM_StopThread thread JavaThread 0x000000002b632000 as oop 0x000000070f54ff60 [exception 0x0000000030fbf350]
Event: 106.041 Thread 0x000000002b632000 Exception <a 'java/lang/ThreadDeath'> (0x00000007818745e0) thrown at [C:\re\workspace\8-2-build-windows-amd64-cygwin\jdk8u144\9417\hotspot\src\share\vm\prims\jvm.cpp, line 3061]
Event: 116.445 Thread 0x000000002b62e800 JVM_StopThread thread JavaThread 0x0000000000000000 as oop 0x000000070f54ff60 [exception 0x000000002e2bf008]

Events (10 events):
Event: 126.086 Thread 0x000000002b62d000 Thread exited: 0x000000002b62d000
Event: 126.087 Thread 0x000000002b62d000 Thread added: 0x000000002b62d000
Event: 126.089 Executing VM operation: RevokeBias
Event: 126.090 Executing VM operation: RevokeBias done
Event: 126.388 Executing VM operation: ParallelGCFailedAllocation
Event: 126.390 Executing VM operation: ParallelGCFailedAllocation done
Event: 126.390 Executing VM operation: RevokeBias
Event: 126.390 Executing VM operation: RevokeBias done
Event: 126.852 Executing VM operation: ParallelGCFailedAllocation
Event: 126.854 Executing VM operation: ParallelGCFailedAllocation done


Dynamic libraries:
0x00007ff78b960000 - 0x00007ff78b997000 	C:\Program Files\Java\jre1.8.0_144\bin\javaw.exe
0x00007ffaa4f00000 - 0x00007ffaa50e1000 	C:\WINDOWS\SYSTEM32\ntdll.dll
0x00007ffaa3c80000 - 0x00007ffaa3d32000 	C:\WINDOWS\System32\KERNEL32.DLL
0x00007ffaa17d0000 - 0x00007ffaa1a43000 	C:\WINDOWS\System32\KERNELBASE.dll
0x00007ffaa4710000 - 0x00007ffaa47b1000 	C:\WINDOWS\System32\ADVAPI32.dll
0x00007ffaa4500000 - 0x00007ffaa459e000 	C:\WINDOWS\System32\msvcrt.dll
0x00007ffaa4910000 - 0x00007ffaa496b000 	C:\WINDOWS\System32\sechost.dll
0x00007ffaa47c0000 - 0x00007ffaa48e4000 	C:\WINDOWS\System32\RPCRT4.dll
0x00007ffaa4120000 - 0x00007ffaa42b0000 	C:\WINDOWS\System32\USER32.dll
0x00007ffaa1700000 - 0x00007ffaa1720000 	C:\WINDOWS\System32\win32u.dll
0x00007ffaa3a50000 - 0x00007ffaa3a78000 	C:\WINDOWS\System32\GDI32.dll
0x00007ffaa12a0000 - 0x00007ffaa1432000 	C:\WINDOWS\System32\gdi32full.dll
0x00007ffaa1b50000 - 0x00007ffaa1bef000 	C:\WINDOWS\System32\msvcp_win.dll
0x00007ffaa1a50000 - 0x00007ffaa1b4a000 	C:\WINDOWS\System32\ucrtbase.dll
0x00007ffa8f920000 - 0x00007ffa8fb89000 	C:\WINDOWS\WinSxS\amd64_microsoft.windows.common-controls_6595b64144ccf1df_6.0.17134.523_none_fb409dd930672a56\COMCTL32.dll
0x00007ffaa3d70000 - 0x00007ffaa4092000 	C:\WINDOWS\System32\combase.dll
0x00007ffaa1440000 - 0x00007ffaa14ba000 	C:\WINDOWS\System32\bcryptPrimitives.dll
0x00007ffaa3d40000 - 0x00007ffaa3d6d000 	C:\WINDOWS\System32\IMM32.DLL
0x000000005c370000 - 0x000000005c442000 	C:\Program Files\Java\jre1.8.0_144\bin\msvcr100.dll
0x000000005bad0000 - 0x000000005c36d000 	C:\Program Files\Java\jre1.8.0_144\bin\server\jvm.dll
0x00007ffaa4dc0000 - 0x00007ffaa4dc8000 	C:\WINDOWS\System32\PSAPI.DLL
0x00007ffa96f50000 - 0x00007ffa96f5a000 	C:\WINDOWS\SYSTEM32\VERSION.dll
0x00007ffa9c9a0000 - 0x00007ffa9c9c3000 	C:\WINDOWS\SYSTEM32\WINMM.dll
0x00007ffa86a50000 - 0x00007ffa86a59000 	C:\WINDOWS\SYSTEM32\WSOCK32.dll
0x00007ffaa4310000 - 0x00007ffaa437c000 	C:\WINDOWS\System32\WS2_32.dll
0x00007ffa9c970000 - 0x00007ffa9c99a000 	C:\WINDOWS\SYSTEM32\WINMMBASE.dll
0x00007ffaa14c0000 - 0x00007ffaa1509000 	C:\WINDOWS\System32\cfgmgr32.dll
0x000000005bac0000 - 0x000000005bacf000 	C:\Program Files\Java\jre1.8.0_144\bin\verify.dll
0x000000005ba90000 - 0x000000005bab9000 	C:\Program Files\Java\jre1.8.0_144\bin\java.dll
0x000000005ba70000 - 0x000000005ba86000 	C:\Program Files\Java\jre1.8.0_144\bin\zip.dll
0x00007ffaa2450000 - 0x00007ffaa3890000 	C:\WINDOWS\System32\SHELL32.dll
0x00007ffaa4660000 - 0x00007ffaa4709000 	C:\WINDOWS\System32\shcore.dll
0x00007ffaa1bf0000 - 0x00007ffaa22fd000 	C:\WINDOWS\System32\windows.storage.dll
0x00007ffaa4600000 - 0x00007ffaa4651000 	C:\WINDOWS\System32\shlwapi.dll
0x00007ffaa11f0000 - 0x00007ffaa1201000 	C:\WINDOWS\System32\kernel.appcore.dll
0x00007ffaa1230000 - 0x00007ffaa124f000 	C:\WINDOWS\System32\profapi.dll
0x00007ffaa1250000 - 0x00007ffaa129c000 	C:\WINDOWS\System32\powrprof.dll
0x00007ffaa11e0000 - 0x00007ffaa11ea000 	C:\WINDOWS\System32\FLTLIB.DLL
0x00007ffa7e700000 - 0x00007ffa7e7ef000 	C:\Program Files\Java\jre1.8.0_144\bin\msvcr120.dll
0x00007ffa76fc0000 - 0x00007ffa77066000 	C:\Program Files\Java\jre1.8.0_144\bin\msvcp120.dll
0x000000005ba40000 - 0x000000005ba62000 	C:\Program Files\Java\jre1.8.0_144\bin\prism_d3d.dll
0x00007ffa74900000 - 0x00007ffa74a97000 	C:\WINDOWS\system32\d3d9.dll
0x00007ffa9eee0000 - 0x00007ffa9ef09000 	C:\WINDOWS\SYSTEM32\dwmapi.dll
0x00007ffa9ecd0000 - 0x00007ffa9ed68000 	C:\WINDOWS\system32\uxtheme.dll
0x00007ffa5dfe0000 - 0x00007ffa637c4000 	C:\WINDOWS\System32\DriverStore\FileRepository\igdlh64.inf_amd64_82119d956c80af5a\igdumdim64.dll
0x00007ffaa4dd0000 - 0x00007ffaa4e92000 	C:\WINDOWS\System32\OLEAUT32.dll
0x00007ffaa3a80000 - 0x00007ffaa3bd1000 	C:\WINDOWS\System32\ole32.dll
0x00007ffaa4970000 - 0x00007ffaa4dbb000 	C:\WINDOWS\System32\SETUPAPI.dll
0x000000005b9f0000 - 0x000000005ba33000 	C:\Program Files\Java\jre1.8.0_144\bin\glass.dll
0x00007ffaa2360000 - 0x00007ffaa244d000 	C:\WINDOWS\System32\COMDLG32.dll
0x00007ffaa4380000 - 0x00007ffaa44f3000 	C:\WINDOWS\System32\MSCTF.dll
0x00007ffa986a0000 - 0x00007ffa997fc000 	C:\WINDOWS\System32\DriverStore\FileRepository\igdlh64.inf_amd64_82119d956c80af5a\igc64.dll
0x000000005b9d0000 - 0x000000005b9e4000 	C:\Program Files\Java\jre1.8.0_144\bin\javafx_font.dll
0x00007ffa89e60000 - 0x00007ffa8a17c000 	C:\WINDOWS\SYSTEM32\dwrite.dll
0x00007ffaa3be0000 - 0x00007ffaa3c80000 	C:\WINDOWS\System32\clbcatq.dll
0x00007ffa9c050000 - 0x00007ffa9c1fe000 	C:\WINDOWS\SYSTEM32\WindowsCodecs.dll
0x00007ffa9ca10000 - 0x00007ffa9ca68000 	C:\WINDOWS\system32\dataexchange.dll
0x00007ffa9e4c0000 - 0x00007ffa9e65c000 	C:\WINDOWS\system32\dcomp.dll
0x00007ffa9dbe0000 - 0x00007ffa9deeb000 	C:\WINDOWS\system32\d3d11.dll
0x00007ffa9f600000 - 0x00007ffa9f6bb000 	C:\WINDOWS\system32\dxgi.dll
0x00007ffa9f070000 - 0x00007ffa9f228000 	C:\WINDOWS\system32\twinapi.appcore.dll
0x00007ffa9efc0000 - 0x00007ffa9efe1000 	C:\WINDOWS\system32\RMCLIENT.dll
0x00007ffa8bb40000 - 0x00007ffa8bb74000 	C:\Program Files\Common Files\Microsoft Shared\Ink\rtscom.dll
0x00007ffa8efb0000 - 0x00007ffa8f046000 	C:\WINDOWS\System32\TextInputFramework.dll
0x00007ffa9e660000 - 0x00007ffa9e73a000 	C:\WINDOWS\System32\CoreMessaging.dll
0x00007ffa9b900000 - 0x00007ffa9bc1e000 	C:\WINDOWS\System32\CoreUIComponents.dll
0x00007ffa9ff40000 - 0x00007ffa9ff71000 	C:\WINDOWS\SYSTEM32\ntmarta.dll
0x00007ffa9ced0000 - 0x00007ffa9d01d000 	C:\WINDOWS\SYSTEM32\wintypes.dll
0x000000005b9b0000 - 0x000000005b9c1000 	C:\Program Files\Java\jre1.8.0_144\bin\prism_common.dll
0x000000005b900000 - 0x000000005b973000 	C:\Program Files\Java\jre1.8.0_144\bin\glib-lite.dll
0x000000005b860000 - 0x000000005b8fc000 	C:\Program Files\Java\jre1.8.0_144\bin\gstreamer-lite.dll
0x00007ffa6ada0000 - 0x00007ffa6ae2f000 	C:\WINDOWS\SYSTEM32\DSOUND.dll
0x000000005b830000 - 0x000000005b855000 	C:\Program Files\Java\jre1.8.0_144\bin\jfxmedia.dll
0x000000005b810000 - 0x000000005b82a000 	C:\Program Files\Java\jre1.8.0_144\bin\net.dll
0x00007ffaa0700000 - 0x00007ffaa0766000 	C:\WINDOWS\system32\mswsock.dll
0x00007ffa86aa0000 - 0x00007ffa86ab6000 	C:\WINDOWS\system32\napinsp.dll
0x00007ffa86a80000 - 0x00007ffa86a9a000 	C:\WINDOWS\system32\pnrpnsp.dll
0x00007ffa9d650000 - 0x00007ffa9d669000 	C:\WINDOWS\system32\NLAapi.dll
0x00007ffaa04c0000 - 0x00007ffaa057e000 	C:\WINDOWS\SYSTEM32\DNSAPI.dll
0x00007ffaa48f0000 - 0x00007ffaa48f8000 	C:\WINDOWS\System32\NSI.dll
0x00007ffaa0480000 - 0x00007ffaa04b8000 	C:\WINDOWS\SYSTEM32\IPHLPAPI.DLL
0x00007ffa7dfa0000 - 0x00007ffa7dfae000 	C:\WINDOWS\System32\winrnr.dll
0x00007ffa977f0000 - 0x00007ffa97805000 	C:\WINDOWS\System32\wshbth.dll
0x00007ffa91160000 - 0x00007ffa9116a000 	C:\Windows\System32\rasadhlp.dll
0x00007ffa91ab0000 - 0x00007ffa91b22000 	C:\WINDOWS\System32\fwpuclnt.dll
0x00007ffaa0c90000 - 0x00007ffaa0cb5000 	C:\WINDOWS\SYSTEM32\bcrypt.dll
0x000000005b7f0000 - 0x000000005b801000 	C:\Program Files\Java\jre1.8.0_144\bin\nio.dll
0x00007ffaa0e20000 - 0x00007ffaa0fe9000 	C:\WINDOWS\SYSTEM32\dbghelp.dll

VM Arguments:
jvm_args: -Dfile.encoding=UTF-8 
java_command: controller.Main
java_class_path (initial): C:\Users\Piotr\Desktop\NetTest1\Kalambury_wersja_8.zip_expanded\Kalambury\bin;C:\Users\Piotr\.p2\pool\plugins\org.eclipse.fx.ide.css.jfx8_3.3.0.201809010700.jar;C:\Users\Piotr\Desktop\NetTest1\Kalambury_wersja_8.zip_expanded\Kalambury\hamcrest-core-1.3.jar;C:\Users\Piotr\Desktop\NetTest1\Kalambury_wersja_8.zip_expanded\Kalambury\junit-4.12.jar
Launcher Type: SUN_STANDARD

Environment Variables:
PATH=C:/Program Files/Java/jre1.8.0_191/bin/server;C:/Program Files/Java/jre1.8.0_191/bin;C:/Program Files/Java/jre1.8.0_191/lib/amd64;C:\Program Files (x86)\Common Files\Intel\Shared Files\cpp\bin\Intel64;C:\Program Files (x86)\Common Files\Oracle\Java\javapath;C:\ProgramData\Oracle\Java\javapath;C:\Program Files (x86)\Intel\iCLS Client\;C:\Program Files\Intel\iCLS Client\;C:\Windows\system32;C:\Windows;C:\Windows\System32\Wbem;C:\Windows\System32\WindowsPowerShell\v1.0\;C:\Program Files (x86)\NVIDIA Corporation\PhysX\Common;C:\Program Files (x86)\Intel\Intel(R) Management Engine Components\DAL;C:\Program Files\Intel\Intel(R) Management Engine Components\DAL;C:\Program Files (x86)\Intel\Intel(R) Management Engine Components\IPT;C:\Program Files\Intel\Intel(R) Management Engine Components\IPT;C:\WINDOWS\system32;C:\WINDOWS;C:\WINDOWS\System32\Wbem;C:\WINDOWS\System32\WindowsPowerShell\v1.0\;C:\WINDOWS\System32\OpenSSH\;C:\Program Files\Java\jdk1.8.0_144\bin;;%USERPROFILE%\AppData\Local\Microsoft\WindowsApps;C:\Users\Piotr\Desktop;
USERNAME=Piotr
OS=Windows_NT
PROCESSOR_IDENTIFIER=Intel64 Family 6 Model 142 Stepping 9, GenuineIntel



---------------  S Y S T E M  ---------------

OS: Windows 10.0 , 64 bit Build 17134 (10.0.17134.1)

CPU:total 4 (initial active 4) (2 cores per cpu, 2 threads per core) family 6 model 142 stepping 9, cmov, cx8, fxsr, mmx, sse, sse2, sse3, ssse3, sse4.1, sse4.2, popcnt, avx, avx2, aes, clmul, erms, 3dnowpref, lzcnt, ht, tsc, tscinvbit, bmi1, bmi2, adx

Memory: 4k page, physical 12447964k(5258852k free), swap 25030876k(14816040k free)

vm_info: Java HotSpot(TM) 64-Bit Server VM (25.144-b01) for windows-amd64 JRE (1.8.0_144-b01), built on Jul 21 2017 21:57:33 by "java_re" with MS VC++ 10.0 (VS2010)

time: Tue Jan 29 17:31:37 2019
elapsed time: 127 seconds (0d 0h 2m 7s)

